app/build/intermediates/manifest_merge_blame_file/debug/manifest-merger-blame-debug-report.txt
1<?xml version="1.0" encoding="utf-8"?>
2<manifest xmlns:android="http://schemas.android.com/apk/res/android"
3    package="com.example.study"
4    android:versionCode="1"
5    android:versionName="1.0" >
6
7    <uses-sdk
8        android:minSdkVersion="26"
9        android:targetSdkVersion="26" />
10
11    <uses-feature
11-->src\main\AndroidManifest.xml:4:5-6:35
12        android:name="android.hardware.camera"
12-->src\main\AndroidManifest.xml:5:9-47
13        android:required="true" />
13-->src\main\AndroidManifest.xml:6:9-32
14
15    <uses-permission android:name="android.permission.ACCESS_NETWORK_STATE" />
15-->src\main\AndroidManifest.xml:8:5-79
15-->src\main\AndroidManifest.xml:8:22-76
16    <uses-permission android:name="android.permission.BLUETOOTH" />
16-->src\main\AndroidManifest.xml:9:5-68
16-->src\main\AndroidManifest.xml:9:22-65
17    <uses-permission android:name="android.permission.CAMERA" />
17-->src\main\AndroidManifest.xml:10:5-65
17-->src\main\AndroidManifest.xml:10:22-62
18    <uses-permission android:name="android.permission.INTERNET" />
18-->src\main\AndroidManifest.xml:11:5-67
18-->src\main\AndroidManifest.xml:11:22-64
19    <uses-permission android:name="android.permission.MANAGE_OWN_CALLS" />
19-->src\main\AndroidManifest.xml:12:5-75
19-->src\main\AndroidManifest.xml:12:22-72
20    <uses-permission android:name="android.permission.MODIFY_AUDIO_SETTINGS" />
20-->src\main\AndroidManifest.xml:13:5-80
20-->src\main\AndroidManifest.xml:13:22-77
21    <uses-permission android:name="android.permission.RECORD_AUDIO" />
21-->src\main\AndroidManifest.xml:14:5-71
21-->src\main\AndroidManifest.xml:14:22-68
22    <uses-permission android:name="android.permission.SYSTEM_ALERT_WINDOW" />
22-->src\main\AndroidManifest.xml:15:5-78
22-->src\main\AndroidManifest.xml:15:22-75
23    <uses-permission android:name="android.permission.WAKE_LOCK" />
23-->src\main\AndroidManifest.xml:16:5-68
23-->src\main\AndroidManifest.xml:16:22-65
24    <uses-permission android:name="android.permission.ACCESS_WIFI_STATE" />
24-->src\main\AndroidManifest.xml:17:5-76
24-->src\main\AndroidManifest.xml:17:22-73
25    <uses-permission android:name="android.permission.FOREGROUND_SERVICE" />
25-->src\main\AndroidManifest.xml:18:5-77
25-->src\main\AndroidManifest.xml:18:22-74
26
27    <uses-feature
27-->[org.jitsi.react:jitsi-meet-sdk:4.1.0] AndroidManifest.xml:22:5-24:35
28        android:glEsVersion="0x00020000"
28-->[org.jitsi.react:jitsi-meet-sdk:4.1.0] AndroidManifest.xml:23:9-41
29        android:required="true" />
29-->[org.jitsi.react:jitsi-meet-sdk:4.1.0] AndroidManifest.xml:24:9-32
30    <uses-feature
30-->[org.jitsi.react:jitsi-meet-sdk:4.1.0] AndroidManifest.xml:28:5-30:36
31        android:name="android.hardware.camera.autofocus"
31-->[org.jitsi.react:jitsi-meet-sdk:4.1.0] AndroidManifest.xml:29:9-57
32        android:required="false" />
32-->[org.jitsi.react:jitsi-meet-sdk:4.1.0] AndroidManifest.xml:30:9-33
33
34    <uses-permission android:name="android.permission.WRITE_CALENDAR" />
34-->[com.facebook.react:react-native-calendar-events:2.0.0-jitsi-9316999] AndroidManifest.xml:11:5-73
34-->[com.facebook.react:react-native-calendar-events:2.0.0-jitsi-9316999] AndroidManifest.xml:11:22-70
35    <uses-permission android:name="android.permission.READ_CALENDAR" /> <!-- Required by older versions of Google Play services to create IID tokens -->
35-->[com.facebook.react:react-native-calendar-events:2.0.0-jitsi-9316999] AndroidManifest.xml:12:5-72
35-->[com.facebook.react:react-native-calendar-events:2.0.0-jitsi-9316999] AndroidManifest.xml:12:22-69
36    <uses-permission android:name="com.google.android.c2dm.permission.RECEIVE" />
36-->[com.google.android.gms:play-services-iid:17.0.0] AndroidManifest.xml:23:5-82
36-->[com.google.android.gms:play-services-iid:17.0.0] AndroidManifest.xml:23:22-79
37
38    <permission
38-->[androidx.core:core:1.9.0] AndroidManifest.xml:22:5-24:47
39        android:name="com.example.study.DYNAMIC_RECEIVER_NOT_EXPORTED_PERMISSION"
39-->[androidx.core:core:1.9.0] AndroidManifest.xml:23:9-81
40        android:protectionLevel="signature" />
40-->[androidx.core:core:1.9.0] AndroidManifest.xml:24:9-44
41
42    <uses-permission android:name="com.example.study.DYNAMIC_RECEIVER_NOT_EXPORTED_PERMISSION" />
42-->[androidx.core:core:1.9.0] AndroidManifest.xml:26:5-97
42-->[androidx.core:core:1.9.0] AndroidManifest.xml:26:22-94
43    <uses-permission android:name="com.google.android.finsky.permission.BIND_GET_INSTALL_REFERRER_SERVICE" />
43-->[com.android.installreferrer:installreferrer:1.1.2] AndroidManifest.xml:9:5-110
43-->[com.android.installreferrer:installreferrer:1.1.2] AndroidManifest.xml:9:22-107
44
45    <application
45-->src\main\AndroidManifest.xml:20:5-64:19
46        android:allowBackup="true"
46-->src\main\AndroidManifest.xml:21:9-35
47        android:appComponentFactory="androidx.core.app.CoreComponentFactory"
47-->[androidx.core:core:1.9.0] AndroidManifest.xml:28:18-86
48        android:debuggable="true"
49        android:extractNativeLibs="false"
50        android:icon="@mipmap/ic_launcher"
50-->src\main\AndroidManifest.xml:22:9-43
51        android:label="@string/app_name"
51-->src\main\AndroidManifest.xml:23:9-41
52        android:roundIcon="@mipmap/ic_launcher_round"
52-->src\main\AndroidManifest.xml:24:9-54
53        android:supportsRtl="true"
53-->src\main\AndroidManifest.xml:25:9-35
54        android:testOnly="true"
55        android:theme="@style/Theme.Study" >
55-->src\main\AndroidManifest.xml:26:9-43
56        <activity
56-->src\main\AndroidManifest.xml:27:9-29:40
57            android:name="com.example.study.ChatWindowActivity"
57-->src\main\AndroidManifest.xml:28:13-47
58            android:exported="false" />
58-->src\main\AndroidManifest.xml:29:13-37
59        <activity
59-->src\main\AndroidManifest.xml:30:9-32:40
60            android:name="com.example.study.ChatWindowFragment"
60-->src\main\AndroidManifest.xml:31:13-47
61            android:exported="false" />
61-->src\main\AndroidManifest.xml:32:13-37
62        <activity android:name="com.example.study.SplashActivity" >
62-->src\main\AndroidManifest.xml:33:9-39:20
62-->src\main\AndroidManifest.xml:33:19-49
63            <intent-filter>
63-->src\main\AndroidManifest.xml:34:13-38:29
64                <action android:name="android.intent.action.MAIN" />
64-->src\main\AndroidManifest.xml:35:17-69
64-->src\main\AndroidManifest.xml:35:25-66
65
66                <category android:name="android.intent.category.LAUNCHER" />
66-->src\main\AndroidManifest.xml:37:17-77
66-->src\main\AndroidManifest.xml:37:27-74
67            </intent-filter>
68        </activity>
69        <activity android:name="com.example.study.LoginActivity" >
69-->src\main\AndroidManifest.xml:40:9-49:20
69-->src\main\AndroidManifest.xml:40:19-48
70
71            <!-- Uncomment the intent-filter if LoginActivity is a launch activity -->
72            <!--
73            <intent-filter>
74                <action android:name="android.intent.action.MAIN" />
75                <category android:name="android.intent.category.LAUNCHER" />
76            </intent-filter>
77            -->
78        </activity>
79        <activity android:name="com.example.study.MainActivity" >
79-->src\main\AndroidManifest.xml:50:9-59:20
79-->src\main\AndroidManifest.xml:50:19-47
80
81            <!-- Uncomment the intent-filter if MainActivity is a launch activity -->
82            <!--
83            <intent-filter>
84                <action android:name="android.intent.action.MAIN" />
85                <category android:name="android.intent.category.LAUNCHER" />
86            </intent-filter>
87            -->
88        </activity>
89
90        <meta-data
90-->src\main\AndroidManifest.xml:61:9-63:57
91            android:name="preloaded_fonts"
91-->src\main\AndroidManifest.xml:62:13-43
92            android:resource="@array/preloaded_fonts" />
92-->src\main\AndroidManifest.xml:63:13-54
93
94        <activity
94-->[org.jitsi.react:jitsi-meet-sdk:4.1.0] AndroidManifest.xml:36:9-42:58
95            android:name="org.jitsi.meet.sdk.JitsiMeetActivity"
95-->[org.jitsi.react:jitsi-meet-sdk:4.1.0] AndroidManifest.xml:37:13-64
96            android:configChanges="keyboard|keyboardHidden|orientation|screenLayout|screenSize|smallestScreenSize"
96-->[org.jitsi.react:jitsi-meet-sdk:4.1.0] AndroidManifest.xml:38:13-115
97            android:launchMode="singleTask"
97-->[org.jitsi.react:jitsi-meet-sdk:4.1.0] AndroidManifest.xml:39:13-44
98            android:resizeableActivity="true"
98-->[org.jitsi.react:jitsi-meet-sdk:4.1.0] AndroidManifest.xml:40:13-46
99            android:supportsPictureInPicture="true"
99-->[org.jitsi.react:jitsi-meet-sdk:4.1.0] AndroidManifest.xml:41:13-52
100            android:windowSoftInputMode="adjustResize" />
100-->[org.jitsi.react:jitsi-meet-sdk:4.1.0] AndroidManifest.xml:42:13-55
101        <activity android:name="com.facebook.react.devsupport.DevSettingsActivity" />
101-->[org.jitsi.react:jitsi-meet-sdk:4.1.0] AndroidManifest.xml:43:9-86
101-->[org.jitsi.react:jitsi-meet-sdk:4.1.0] AndroidManifest.xml:43:19-83
102
103        <service
103-->[org.jitsi.react:jitsi-meet-sdk:4.1.0] AndroidManifest.xml:45:9-52:19
104            android:name="org.jitsi.meet.sdk.ConnectionService"
104-->[org.jitsi.react:jitsi-meet-sdk:4.1.0] AndroidManifest.xml:46:13-64
105            android:exported="true"
105-->[org.jitsi.react:jitsi-meet-sdk:4.1.0] AndroidManifest.xml:47:13-36
106            android:permission="android.permission.BIND_TELECOM_CONNECTION_SERVICE" >
106-->[org.jitsi.react:jitsi-meet-sdk:4.1.0] AndroidManifest.xml:48:13-84
107            <intent-filter>
107-->[org.jitsi.react:jitsi-meet-sdk:4.1.0] AndroidManifest.xml:49:13-51:29
108                <action android:name="android.telecom.ConnectionService" />
108-->[org.jitsi.react:jitsi-meet-sdk:4.1.0] AndroidManifest.xml:50:17-76
108-->[org.jitsi.react:jitsi-meet-sdk:4.1.0] AndroidManifest.xml:50:25-73
109            </intent-filter>
110        </service>
111        <service
111-->[org.jitsi.react:jitsi-meet-sdk:4.1.0] AndroidManifest.xml:53:9-55:63
112            android:name="org.jitsi.meet.sdk.JitsiMeetOngoingConferenceService"
112-->[org.jitsi.react:jitsi-meet-sdk:4.1.0] AndroidManifest.xml:54:13-80
113            android:foregroundServiceType="mediaProjection" />
113-->[org.jitsi.react:jitsi-meet-sdk:4.1.0] AndroidManifest.xml:55:13-60
114
115        <provider
115-->[org.jitsi.react:jitsi-meet-sdk:4.1.0] AndroidManifest.xml:57:9-62:20
116            android:name="com.reactnativecommunity.webview.RNCWebViewFileProvider"
116-->[org.jitsi.react:jitsi-meet-sdk:4.1.0] AndroidManifest.xml:58:13-83
117            android:authorities="com.example.study.fileprovider"
117-->[org.jitsi.react:jitsi-meet-sdk:4.1.0] AndroidManifest.xml:59:13-64
118            android:enabled="false"
118-->[org.jitsi.react:jitsi-meet-sdk:4.1.0] AndroidManifest.xml:60:13-36
119            android:exported="false"
119-->[com.facebook.react:react-native-webview:11.0.2-jitsi-9316999] AndroidManifest.xml:15:13-37
120            android:grantUriPermissions="true" >
120-->[com.facebook.react:react-native-webview:11.0.2-jitsi-9316999] AndroidManifest.xml:16:13-47
121            <meta-data
121-->[com.facebook.react:react-native-webview:11.0.2-jitsi-9316999] AndroidManifest.xml:17:13-19:63
122                android:name="android.support.FILE_PROVIDER_PATHS"
122-->[com.facebook.react:react-native-webview:11.0.2-jitsi-9316999] AndroidManifest.xml:18:17-67
123                android:resource="@xml/file_provider_paths" />
123-->[com.facebook.react:react-native-webview:11.0.2-jitsi-9316999] AndroidManifest.xml:19:17-60
124        </provider>
125        <provider
125-->[org.jitsi.react:jitsi-meet-sdk:4.1.0] AndroidManifest.xml:63:9-70:20
126            android:name="androidx.startup.InitializationProvider"
126-->[org.jitsi.react:jitsi-meet-sdk:4.1.0] AndroidManifest.xml:64:13-67
127            android:authorities="com.example.study.androidx-startup"
127-->[org.jitsi.react:jitsi-meet-sdk:4.1.0] AndroidManifest.xml:65:13-68
128            android:exported="false" >
128-->[org.jitsi.react:jitsi-meet-sdk:4.1.0] AndroidManifest.xml:66:13-37
129            <meta-data
129-->[org.jitsi.react:jitsi-meet-sdk:4.1.0] AndroidManifest.xml:67:13-69:52
130                android:name="org.jitsi.meet.sdk.JitsiInitializer"
130-->[org.jitsi.react:jitsi-meet-sdk:4.1.0] AndroidManifest.xml:68:17-67
131                android:value="androidx.startup" />
131-->[org.jitsi.react:jitsi-meet-sdk:4.1.0] AndroidManifest.xml:69:17-49
132            <meta-data
132-->[androidx.emoji2:emoji2:1.2.0] AndroidManifest.xml:29:13-31:52
133                android:name="androidx.emoji2.text.EmojiCompatInitializer"
133-->[androidx.emoji2:emoji2:1.2.0] AndroidManifest.xml:30:17-75
134                android:value="androidx.startup" />
134-->[androidx.emoji2:emoji2:1.2.0] AndroidManifest.xml:31:17-49
135            <meta-data
135-->[androidx.lifecycle:lifecycle-process:2.6.1] AndroidManifest.xml:29:13-31:52
136                android:name="androidx.lifecycle.ProcessLifecycleInitializer"
136-->[androidx.lifecycle:lifecycle-process:2.6.1] AndroidManifest.xml:30:17-78
137                android:value="androidx.startup" />
137-->[androidx.lifecycle:lifecycle-process:2.6.1] AndroidManifest.xml:31:17-49
138            <meta-data
138-->[androidx.profileinstaller:profileinstaller:1.3.0] AndroidManifest.xml:29:13-31:52
139                android:name="androidx.profileinstaller.ProfileInstallerInitializer"
139-->[androidx.profileinstaller:profileinstaller:1.3.0] AndroidManifest.xml:30:17-85
140                android:value="androidx.startup" />
140-->[androidx.profileinstaller:profileinstaller:1.3.0] AndroidManifest.xml:31:17-49
141        </provider>
142        <provider
142-->[com.facebook.react:react-native-performance:2.0.0-jitsi-9316999] AndroidManifest.xml:10:9-13:40
143            android:name="com.oblador.performance.StartTimeProvider"
143-->[com.facebook.react:react-native-performance:2.0.0-jitsi-9316999] AndroidManifest.xml:11:13-69
144            android:authorities="com.example.study.start.time.provider"
144-->[com.facebook.react:react-native-performance:2.0.0-jitsi-9316999] AndroidManifest.xml:12:13-71
145            android:exported="false" />
145-->[com.facebook.react:react-native-performance:2.0.0-jitsi-9316999] AndroidManifest.xml:13:13-37
146
147        <service
147-->[com.google.firebase:firebase-database:20.3.0] AndroidManifest.xml:26:9-35:19
148            android:name="com.google.firebase.components.ComponentDiscoveryService"
148-->[com.google.firebase:firebase-database:20.3.0] AndroidManifest.xml:27:13-84
149            android:directBootAware="true"
149-->[com.google.firebase:firebase-common:20.4.2] AndroidManifest.xml:32:13-43
150            android:exported="false" >
150-->[com.google.firebase:firebase-database:20.3.0] AndroidManifest.xml:28:13-37
151            <meta-data
151-->[com.google.firebase:firebase-database:20.3.0] AndroidManifest.xml:29:13-31:85
152                android:name="com.google.firebase.components:com.google.firebase.database.FirebaseDatabaseKtxRegistrar"
152-->[com.google.firebase:firebase-database:20.3.0] AndroidManifest.xml:30:17-120
153                android:value="com.google.firebase.components.ComponentRegistrar" />
153-->[com.google.firebase:firebase-database:20.3.0] AndroidManifest.xml:31:17-82
154            <meta-data
154-->[com.google.firebase:firebase-database:20.3.0] AndroidManifest.xml:32:13-34:85
155                android:name="com.google.firebase.components:com.google.firebase.database.DatabaseRegistrar"
155-->[com.google.firebase:firebase-database:20.3.0] AndroidManifest.xml:33:17-109
156                android:value="com.google.firebase.components.ComponentRegistrar" />
156-->[com.google.firebase:firebase-database:20.3.0] AndroidManifest.xml:34:17-82
157            <meta-data
157-->[com.google.firebase:firebase-auth:22.3.0] AndroidManifest.xml:69:13-71:85
158                android:name="com.google.firebase.components:com.google.firebase.auth.FirebaseAuthRegistrar"
158-->[com.google.firebase:firebase-auth:22.3.0] AndroidManifest.xml:70:17-109
159                android:value="com.google.firebase.components.ComponentRegistrar" />
159-->[com.google.firebase:firebase-auth:22.3.0] AndroidManifest.xml:71:17-82
160            <meta-data
160-->[com.google.firebase:firebase-storage:20.3.0] AndroidManifest.xml:30:13-32:85
161                android:name="com.google.firebase.components:com.google.firebase.storage.FirebaseStorageKtxRegistrar"
161-->[com.google.firebase:firebase-storage:20.3.0] AndroidManifest.xml:31:17-118
162                android:value="com.google.firebase.components.ComponentRegistrar" />
162-->[com.google.firebase:firebase-storage:20.3.0] AndroidManifest.xml:32:17-82
163            <meta-data
163-->[com.google.firebase:firebase-storage:20.3.0] AndroidManifest.xml:33:13-35:85
164                android:name="com.google.firebase.components:com.google.firebase.storage.StorageRegistrar"
164-->[com.google.firebase:firebase-storage:20.3.0] AndroidManifest.xml:34:17-107
165                android:value="com.google.firebase.components.ComponentRegistrar" />
165-->[com.google.firebase:firebase-storage:20.3.0] AndroidManifest.xml:35:17-82
166            <meta-data
166-->[com.google.firebase:firebase-appcheck:17.1.0] AndroidManifest.xml:25:13-27:85
167                android:name="com.google.firebase.components:com.google.firebase.appcheck.FirebaseAppCheckKtxRegistrar"
167-->[com.google.firebase:firebase-appcheck:17.1.0] AndroidManifest.xml:26:17-120
168                android:value="com.google.firebase.components.ComponentRegistrar" />
168-->[com.google.firebase:firebase-appcheck:17.1.0] AndroidManifest.xml:27:17-82
169            <meta-data
169-->[com.google.firebase:firebase-appcheck:17.1.0] AndroidManifest.xml:28:13-30:85
170                android:name="com.google.firebase.components:com.google.firebase.appcheck.FirebaseAppCheckRegistrar"
170-->[com.google.firebase:firebase-appcheck:17.1.0] AndroidManifest.xml:29:17-117
171                android:value="com.google.firebase.components.ComponentRegistrar" />
171-->[com.google.firebase:firebase-appcheck:17.1.0] AndroidManifest.xml:30:17-82
172            <meta-data
172-->[com.google.firebase:firebase-common-ktx:20.4.2] AndroidManifest.xml:12:13-14:85
173                android:name="com.google.firebase.components:com.google.firebase.ktx.FirebaseCommonLegacyRegistrar"
173-->[com.google.firebase:firebase-common-ktx:20.4.2] AndroidManifest.xml:13:17-116
174                android:value="com.google.firebase.components.ComponentRegistrar" />
174-->[com.google.firebase:firebase-common-ktx:20.4.2] AndroidManifest.xml:14:17-82
175            <meta-data
175-->[com.google.firebase:firebase-common:20.4.2] AndroidManifest.xml:35:13-37:85
176                android:name="com.google.firebase.components:com.google.firebase.FirebaseCommonKtxRegistrar"
176-->[com.google.firebase:firebase-common:20.4.2] AndroidManifest.xml:36:17-109
177                android:value="com.google.firebase.components.ComponentRegistrar" />
177-->[com.google.firebase:firebase-common:20.4.2] AndroidManifest.xml:37:17-82
178        </service>
179
180        <activity
180-->[com.google.firebase:firebase-auth:22.3.0] AndroidManifest.xml:29:9-46:20
181            android:name="com.google.firebase.auth.internal.GenericIdpActivity"
181-->[com.google.firebase:firebase-auth:22.3.0] AndroidManifest.xml:30:13-80
182            android:excludeFromRecents="true"
182-->[com.google.firebase:firebase-auth:22.3.0] AndroidManifest.xml:31:13-46
183            android:exported="true"
183-->[com.google.firebase:firebase-auth:22.3.0] AndroidManifest.xml:32:13-36
184            android:launchMode="singleTask"
184-->[com.google.firebase:firebase-auth:22.3.0] AndroidManifest.xml:33:13-44
185            android:theme="@android:style/Theme.Translucent.NoTitleBar" >
185-->[com.google.firebase:firebase-auth:22.3.0] AndroidManifest.xml:34:13-72
186            <intent-filter>
186-->[com.google.firebase:firebase-auth:22.3.0] AndroidManifest.xml:35:13-45:29
187                <action android:name="android.intent.action.VIEW" />
187-->[com.google.firebase:firebase-auth:22.3.0] AndroidManifest.xml:36:17-69
187-->[com.google.firebase:firebase-auth:22.3.0] AndroidManifest.xml:36:25-66
188
189                <category android:name="android.intent.category.DEFAULT" />
189-->[com.google.firebase:firebase-auth:22.3.0] AndroidManifest.xml:38:17-76
189-->[com.google.firebase:firebase-auth:22.3.0] AndroidManifest.xml:38:27-73
190                <category android:name="android.intent.category.BROWSABLE" />
190-->[com.google.firebase:firebase-auth:22.3.0] AndroidManifest.xml:39:17-78
190-->[com.google.firebase:firebase-auth:22.3.0] AndroidManifest.xml:39:27-75
191
192                <data
192-->[com.google.firebase:firebase-auth:22.3.0] AndroidManifest.xml:41:17-44:51
193                    android:host="firebase.auth"
193-->[com.google.firebase:firebase-auth:22.3.0] AndroidManifest.xml:42:21-49
194                    android:path="/"
194-->[com.google.firebase:firebase-auth:22.3.0] AndroidManifest.xml:43:21-37
195                    android:scheme="genericidp" />
195-->[com.google.firebase:firebase-auth:22.3.0] AndroidManifest.xml:44:21-48
196            </intent-filter>
197        </activity>
198        <activity
198-->[com.google.firebase:firebase-auth:22.3.0] AndroidManifest.xml:47:9-64:20
199            android:name="com.google.firebase.auth.internal.RecaptchaActivity"
199-->[com.google.firebase:firebase-auth:22.3.0] AndroidManifest.xml:48:13-79
200            android:excludeFromRecents="true"
200-->[com.google.firebase:firebase-auth:22.3.0] AndroidManifest.xml:49:13-46
201            android:exported="true"
201-->[com.google.firebase:firebase-auth:22.3.0] AndroidManifest.xml:50:13-36
202            android:launchMode="singleTask"
202-->[com.google.firebase:firebase-auth:22.3.0] AndroidManifest.xml:51:13-44
203            android:theme="@android:style/Theme.Translucent.NoTitleBar" >
203-->[com.google.firebase:firebase-auth:22.3.0] AndroidManifest.xml:52:13-72
204            <intent-filter>
204-->[com.google.firebase:firebase-auth:22.3.0] AndroidManifest.xml:53:13-63:29
205                <action android:name="android.intent.action.VIEW" />
205-->[com.google.firebase:firebase-auth:22.3.0] AndroidManifest.xml:36:17-69
205-->[com.google.firebase:firebase-auth:22.3.0] AndroidManifest.xml:36:25-66
206
207                <category android:name="android.intent.category.DEFAULT" />
207-->[com.google.firebase:firebase-auth:22.3.0] AndroidManifest.xml:38:17-76
207-->[com.google.firebase:firebase-auth:22.3.0] AndroidManifest.xml:38:27-73
208                <category android:name="android.intent.category.BROWSABLE" />
208-->[com.google.firebase:firebase-auth:22.3.0] AndroidManifest.xml:39:17-78
208-->[com.google.firebase:firebase-auth:22.3.0] AndroidManifest.xml:39:27-75
209
210                <data
210-->[com.google.firebase:firebase-auth:22.3.0] AndroidManifest.xml:41:17-44:51
211                    android:host="firebase.auth"
211-->[com.google.firebase:firebase-auth:22.3.0] AndroidManifest.xml:42:21-49
212                    android:path="/"
212-->[com.google.firebase:firebase-auth:22.3.0] AndroidManifest.xml:43:21-37
213                    android:scheme="recaptcha" />
213-->[com.google.firebase:firebase-auth:22.3.0] AndroidManifest.xml:44:21-48
214            </intent-filter>
215        </activity>
216
217        <provider
217-->[com.squareup.picasso:picasso:2.8] AndroidManifest.xml:8:9-11:40
218            android:name="com.squareup.picasso.PicassoProvider"
218-->[com.squareup.picasso:picasso:2.8] AndroidManifest.xml:9:13-64
219            android:authorities="com.example.study.com.squareup.picasso"
219-->[com.squareup.picasso:picasso:2.8] AndroidManifest.xml:10:13-72
220            android:exported="false" />
220-->[com.squareup.picasso:picasso:2.8] AndroidManifest.xml:11:13-37
221
222        <activity
222-->[com.google.android.gms:play-services-auth:17.0.0] AndroidManifest.xml:23:9-27:75
223            android:name="com.google.android.gms.auth.api.signin.internal.SignInHubActivity"
223-->[com.google.android.gms:play-services-auth:17.0.0] AndroidManifest.xml:24:13-93
224            android:excludeFromRecents="true"
224-->[com.google.android.gms:play-services-auth:17.0.0] AndroidManifest.xml:25:13-46
225            android:exported="false"
225-->[com.google.android.gms:play-services-auth:17.0.0] AndroidManifest.xml:26:13-37
226            android:theme="@android:style/Theme.Translucent.NoTitleBar" />
226-->[com.google.android.gms:play-services-auth:17.0.0] AndroidManifest.xml:27:13-72
227        <!--
228            Service handling Google Sign-In user revocation. For apps that do not integrate with
229            Google Sign-In, this service will never be started.
230        -->
231        <service
231-->[com.google.android.gms:play-services-auth:17.0.0] AndroidManifest.xml:33:9-36:110
232            android:name="com.google.android.gms.auth.api.signin.RevocationBoundService"
232-->[com.google.android.gms:play-services-auth:17.0.0] AndroidManifest.xml:34:13-89
233            android:exported="true"
233-->[com.google.android.gms:play-services-auth:17.0.0] AndroidManifest.xml:35:13-36
234            android:permission="com.google.android.gms.auth.api.signin.permission.REVOCATION_NOTIFICATION" />
234-->[com.google.android.gms:play-services-auth:17.0.0] AndroidManifest.xml:36:13-107
235
236        <activity
236-->[com.google.android.gms:play-services-base:18.1.0] AndroidManifest.xml:20:9-22:45
237            android:name="com.google.android.gms.common.api.GoogleApiActivity"
237-->[com.google.android.gms:play-services-base:18.1.0] AndroidManifest.xml:20:19-85
238            android:exported="false"
238-->[com.google.android.gms:play-services-base:18.1.0] AndroidManifest.xml:22:19-43
239            android:theme="@android:style/Theme.Translucent.NoTitleBar" />
239-->[com.google.android.gms:play-services-base:18.1.0] AndroidManifest.xml:21:19-78
240
241        <provider
241-->[com.google.firebase:firebase-common:20.4.2] AndroidManifest.xml:23:9-28:39
242            android:name="com.google.firebase.provider.FirebaseInitProvider"
242-->[com.google.firebase:firebase-common:20.4.2] AndroidManifest.xml:24:13-77
243            android:authorities="com.example.study.firebaseinitprovider"
243-->[com.google.firebase:firebase-common:20.4.2] AndroidManifest.xml:25:13-72
244            android:directBootAware="true"
244-->[com.google.firebase:firebase-common:20.4.2] AndroidManifest.xml:26:13-43
245            android:exported="false"
245-->[com.google.firebase:firebase-common:20.4.2] AndroidManifest.xml:27:13-37
246            android:initOrder="100" />
246-->[com.google.firebase:firebase-common:20.4.2] AndroidManifest.xml:28:13-36
247
248        <meta-data
248-->[com.google.android.gms:play-services-basement:18.1.0] AndroidManifest.xml:21:9-23:69
249            android:name="com.google.android.gms.version"
249-->[com.google.android.gms:play-services-basement:18.1.0] AndroidManifest.xml:22:13-58
250            android:value="@integer/google_play_services_version" />
250-->[com.google.android.gms:play-services-basement:18.1.0] AndroidManifest.xml:23:13-66
251
252        <receiver
252-->[androidx.profileinstaller:profileinstaller:1.3.0] AndroidManifest.xml:34:9-52:20
253            android:name="androidx.profileinstaller.ProfileInstallReceiver"
253-->[androidx.profileinstaller:profileinstaller:1.3.0] AndroidManifest.xml:35:13-76
254            android:directBootAware="false"
254-->[androidx.profileinstaller:profileinstaller:1.3.0] AndroidManifest.xml:36:13-44
255            android:enabled="true"
255-->[androidx.profileinstaller:profileinstaller:1.3.0] AndroidManifest.xml:37:13-35
256            android:exported="true"
256-->[androidx.profileinstaller:profileinstaller:1.3.0] AndroidManifest.xml:38:13-36
257            android:permission="android.permission.DUMP" >
257-->[androidx.profileinstaller:profileinstaller:1.3.0] AndroidManifest.xml:39:13-57
258            <intent-filter>
258-->[androidx.profileinstaller:profileinstaller:1.3.0] AndroidManifest.xml:40:13-42:29
259                <action android:name="androidx.profileinstaller.action.INSTALL_PROFILE" />
259-->[androidx.profileinstaller:profileinstaller:1.3.0] AndroidManifest.xml:41:17-91
259-->[androidx.profileinstaller:profileinstaller:1.3.0] AndroidManifest.xml:41:25-88
260            </intent-filter>
261            <intent-filter>
261-->[androidx.profileinstaller:profileinstaller:1.3.0] AndroidManifest.xml:43:13-45:29
262                <action android:name="androidx.profileinstaller.action.SKIP_FILE" />
262-->[androidx.profileinstaller:profileinstaller:1.3.0] AndroidManifest.xml:44:17-85
262-->[androidx.profileinstaller:profileinstaller:1.3.0] AndroidManifest.xml:44:25-82
263            </intent-filter>
264            <intent-filter>
264-->[androidx.profileinstaller:profileinstaller:1.3.0] AndroidManifest.xml:46:13-48:29
265                <action android:name="androidx.profileinstaller.action.SAVE_PROFILE" />
265-->[androidx.profileinstaller:profileinstaller:1.3.0] AndroidManifest.xml:47:17-88
265-->[androidx.profileinstaller:profileinstaller:1.3.0] AndroidManifest.xml:47:25-85
266            </intent-filter>
267            <intent-filter>
267-->[androidx.profileinstaller:profileinstaller:1.3.0] AndroidManifest.xml:49:13-51:29
268                <action android:name="androidx.profileinstaller.action.BENCHMARK_OPERATION" />
268-->[androidx.profileinstaller:profileinstaller:1.3.0] AndroidManifest.xml:50:17-95
268-->[androidx.profileinstaller:profileinstaller:1.3.0] AndroidManifest.xml:50:25-92
269            </intent-filter>
270        </receiver>
271    </application>
272
273</manifest>